  Vouce_output_ver2.cpp
C:\Program Files (x86)\OpenRTM-aist\1.1.2\rtm/InPortBase.h(599): warning C4290: C++ の例外の指定は無視されます。関数が __declspec(nothrow) でないことのみ表示されます。
C:\Program Files (x86)\OpenRTM-aist\1.1.2\coil/Factory.h(424): warning C4251: 'coil::Factory<AbstractClass,Identifier,Compare,Creator,Destructor>::m_creators': class 'std::map<Identifier,coil::Factory<AbstractClass,Identifier,Compare,Creator,Destructor>::FactoryEntry,std::less<_Kty>,std::allocator<std::pair<const _Kty,_Ty>>>' は __export キーワードを使って class 'coil::Factory<AbstractClass,Identifier,Compare,Creator,Destructor>' にエクスポートしてください。
          with
          [
              AbstractClass=RTC::InPortConsumer,
              Identifier=std::string,
              Compare=std::less<std::string>,
              Creator=RTC::InPortConsumer *(__cdecl *)(void),
              Destructor=void (__cdecl *)(RTC::InPortConsumer *&)
          ]
          and
          [
              Identifier=std::string,
              AbstractClass=RTC::InPortConsumer,
              Compare=std::less<std::string>,
              Creator=RTC::InPortConsumer *(__cdecl *)(void),
              Destructor=void (__cdecl *)(RTC::InPortConsumer *&),
              _Kty=std::string,
              _Ty=coil::Factory<RTC::InPortConsumer,std::string,std::less<std::string>,RTC::InPortConsumer *(__cdecl *)(void),void (__cdecl *)(RTC::InPortConsumer *&)>::FactoryEntry
          ]
          and
          [
              AbstractClass=RTC::InPortConsumer,
              Identifier=std::string,
              Compare=std::less<std::string>,
              Creator=RTC::InPortConsumer *(__cdecl *)(void),
              Destructor=void (__cdecl *)(RTC::InPortConsumer *&)
          ]
  C:\Program Files (x86)\OpenRTM-aist\1.1.2\coil/Factory.h(109): note: 'std::map<Identifier,coil::Factory<AbstractClass,Identifier,Compare,Creator,Destructor>::FactoryEntry,std::less<_Kty>,std::allocator<std::pair<const _Kty,_Ty>>>' の宣言を確認してください
          with
          [
              Identifier=std::string,
              AbstractClass=RTC::InPortConsumer,
              Compare=std::less<std::string>,
              Creator=RTC::InPortConsumer *(__cdecl *)(void),
              Destructor=void (__cdecl *)(RTC::InPortConsumer *&),
              _Kty=std::string,
              _Ty=coil::Factory<RTC::InPortConsumer,std::string,std::less<std::string>,RTC::InPortConsumer *(__cdecl *)(void),void (__cdecl *)(RTC::InPortConsumer *&)>::FactoryEntry
          ]
  C:\Program Files (x86)\OpenRTM-aist\1.1.2\rtm/InPortConsumer.h(258): note: コンパイル対象のクラス テンプレート インスタンス化 'coil::GlobalFactory<RTC::InPortConsumer,std::string,std::less<_Kty>,AbstractClass *(__cdecl *)(void),void (__cdecl *)(AbstractClass *&)>' のリファレンスを確認してください
          with
          [
              _Kty=std::string,
              AbstractClass=RTC::InPortConsumer
          ]
C:\Program Files (x86)\OpenRTM-aist\1.1.2\coil/Factory.h(424): warning C4251: 'coil::Factory<AbstractClass,Identifier,Compare,Creator,Destructor>::m_creators': class 'std::map<Identifier,coil::Factory<AbstractClass,Identifier,Compare,Creator,Destructor>::FactoryEntry,std::less<_Kty>,std::allocator<std::pair<const _Kty,_Ty>>>' は __export キーワードを使って class 'coil::Factory<AbstractClass,Identifier,Compare,Creator,Destructor>' にエクスポートしてください。
          with
          [
              AbstractClass=RTC::OutPortProvider,
              Identifier=std::string,
              Compare=std::less<std::string>,
              Creator=RTC::OutPortProvider *(__cdecl *)(void),
              Destructor=void (__cdecl *)(RTC::OutPortProvider *&)
          ]
          and
          [
              Identifier=std::string,
              AbstractClass=RTC::OutPortProvider,
              Compare=std::less<std::string>,
              Creator=RTC::OutPortProvider *(__cdecl *)(void),
              Destructor=void (__cdecl *)(RTC::OutPortProvider *&),
              _Kty=std::string,
              _Ty=coil::Factory<RTC::OutPortProvider,std::string,std::less<std::string>,RTC::OutPortProvider *(__cdecl *)(void),void (__cdecl *)(RTC::OutPortProvider *&)>::FactoryEntry
          ]
          and
          [
              AbstractClass=RTC::OutPortProvider,
              Identifier=std::string,
              Compare=std::less<std::string>,
              Creator=RTC::OutPortProvider *(__cdecl *)(void),
              Destructor=void (__cdecl *)(RTC::OutPortProvider *&)
          ]
  C:\Program Files (x86)\OpenRTM-aist\1.1.2\coil/Factory.h(109): note: 'std::map<Identifier,coil::Factory<AbstractClass,Identifier,Compare,Creator,Destructor>::FactoryEntry,std::less<_Kty>,std::allocator<std::pair<const _Kty,_Ty>>>' の宣言を確認してください
          with
          [
              Identifier=std::string,
              AbstractClass=RTC::OutPortProvider,
              Compare=std::less<std::string>,
              Creator=RTC::OutPortProvider *(__cdecl *)(void),
              Destructor=void (__cdecl *)(RTC::OutPortProvider *&),
              _Kty=std::string,
              _Ty=coil::Factory<RTC::OutPortProvider,std::string,std::less<std::string>,RTC::OutPortProvider *(__cdecl *)(void),void (__cdecl *)(RTC::OutPortProvider *&)>::FactoryEntry
          ]
  C:\Program Files (x86)\OpenRTM-aist\1.1.2\rtm/OutPortProvider.h(551): note: コンパイル対象のクラス テンプレート インスタンス化 'coil::GlobalFactory<RTC::OutPortProvider,std::string,std::less<_Kty>,AbstractClass *(__cdecl *)(void),void (__cdecl *)(AbstractClass *&)>' のリファレンスを確認してください
          with
          [
              _Kty=std::string,
              AbstractClass=RTC::OutPortProvider
          ]
C:\Program Files (x86)\OpenRTM-aist\1.1.2\rtm/OutPortBase.h(777): warning C4290: C++ の例外の指定は無視されます。関数が __declspec(nothrow) でないことのみ表示されます。
C:\Program Files (x86)\OpenRTM-aist\1.1.2\coil/OS.h(92): warning C4996: 'GetVersionExA': が古い形式として宣言されました。
  C:\Program Files (x86)\Windows Kits\10\Include\10.0.19041.0\um\sysinfoapi.h(413): note: 'GetVersionExA' の宣言を確認してください
C:\workspace2\Voice_output_ver2\include\Vouce_output_ver2\Vouce_output_ver2.h(48): warning C4005: 'FILENAME': マクロが再定義されました。
  C:\workspace2\Voice_output_ver2\include\Vouce_output_ver2\Vouce_output_ver2.h(47): note: 'FILENAME' の以前の定義を確認してください
C:\workspace2\Voice_output_ver2\include\Vouce_output_ver2\Vouce_output_ver2.h(49): warning C4005: 'FILENAME': マクロが再定義されました。
  C:\workspace2\Voice_output_ver2\include\Vouce_output_ver2\Vouce_output_ver2.h(48): note: 'FILENAME' の以前の定義を確認してください
C:\workspace2\Voice_output_ver2\include\Vouce_output_ver2\Vouce_output_ver2.h(50): warning C4005: 'FILENAME': マクロが再定義されました。
  C:\workspace2\Voice_output_ver2\include\Vouce_output_ver2\Vouce_output_ver2.h(49): note: 'FILENAME' の以前の定義を確認してください
C:\workspace2\Voice_output_ver2\include\Vouce_output_ver2\Vouce_output_ver2.h(51): warning C4005: 'FILENAME': マクロが再定義されました。
  C:\workspace2\Voice_output_ver2\include\Vouce_output_ver2\Vouce_output_ver2.h(50): note: 'FILENAME' の以前の定義を確認してください
C:\workspace2\Voice_output_ver2\include\Vouce_output_ver2\Vouce_output_ver2.h(52): warning C4005: 'FILENAME': マクロが再定義されました。
  C:\workspace2\Voice_output_ver2\include\Vouce_output_ver2\Vouce_output_ver2.h(51): note: 'FILENAME' の以前の定義を確認してください
C:\workspace2\Voice_output_ver2\include\Vouce_output_ver2\Vouce_output_ver2.h(53): warning C4005: 'FILENAME': マクロが再定義されました。
  C:\workspace2\Voice_output_ver2\include\Vouce_output_ver2\Vouce_output_ver2.h(52): note: 'FILENAME' の以前の定義を確認してください
C:\workspace2\Voice_output_ver2\include\Vouce_output_ver2\Vouce_output_ver2.h(54): warning C4005: 'FILENAME': マクロが再定義されました。
  C:\workspace2\Voice_output_ver2\include\Vouce_output_ver2\Vouce_output_ver2.h(53): note: 'FILENAME' の以前の定義を確認してください
C:\workspace2\Voice_output_ver2\include\Vouce_output_ver2\Vouce_output_ver2.h(55): warning C4005: 'FILENAME': マクロが再定義されました。
  C:\workspace2\Voice_output_ver2\include\Vouce_output_ver2\Vouce_output_ver2.h(54): note: 'FILENAME' の以前の定義を確認してください
C:\workspace2\Voice_output_ver2\include\Vouce_output_ver2\Vouce_output_ver2.h(57): warning C4005: 'FILENAME': マクロが再定義されました。
  C:\workspace2\Voice_output_ver2\include\Vouce_output_ver2\Vouce_output_ver2.h(55): note: 'FILENAME' の以前の定義を確認してください
C:\workspace2\Voice_output_ver2\include\Vouce_output_ver2\Vouce_output_ver2.h(58): warning C4005: 'FILENAME': マクロが再定義されました。
  C:\workspace2\Voice_output_ver2\include\Vouce_output_ver2\Vouce_output_ver2.h(57): note: 'FILENAME' の以前の定義を確認してください
C:\workspace2\Voice_output_ver2\include\Vouce_output_ver2\Vouce_output_ver2.h(59): warning C4005: 'FILENAME': マクロが再定義されました。
  C:\workspace2\Voice_output_ver2\include\Vouce_output_ver2\Vouce_output_ver2.h(58): note: 'FILENAME' の以前の定義を確認してください
C:\workspace2\Voice_output_ver2\include\Vouce_output_ver2\Vouce_output_ver2.h(60): warning C4005: 'FILENAME': マクロが再定義されました。
  C:\workspace2\Voice_output_ver2\include\Vouce_output_ver2\Vouce_output_ver2.h(59): note: 'FILENAME' の以前の定義を確認してください
C:\workspace2\Voice_output_ver2\include\Vouce_output_ver2\Vouce_output_ver2.h(61): warning C4005: 'FILENAME': マクロが再定義されました。
  C:\workspace2\Voice_output_ver2\include\Vouce_output_ver2\Vouce_output_ver2.h(60): note: 'FILENAME' の以前の定義を確認してください
C:\workspace2\Voice_output_ver2\include\Vouce_output_ver2\Vouce_output_ver2.h(62): warning C4005: 'FILENAME': マクロが再定義されました。
  C:\workspace2\Voice_output_ver2\include\Vouce_output_ver2\Vouce_output_ver2.h(61): note: 'FILENAME' の以前の定義を確認してください
C:\workspace2\Voice_output_ver2\include\Vouce_output_ver2\Vouce_output_ver2.h(63): warning C4005: 'FILENAME': マクロが再定義されました。
  C:\workspace2\Voice_output_ver2\include\Vouce_output_ver2\Vouce_output_ver2.h(62): note: 'FILENAME' の以前の定義を確認してください
C:\workspace2\Voice_output_ver2\include\Vouce_output_ver2\Vouce_output_ver2.h(65): warning C4005: 'FILENAME': マクロが再定義されました。
  C:\workspace2\Voice_output_ver2\include\Vouce_output_ver2\Vouce_output_ver2.h(63): note: 'FILENAME' の以前の定義を確認してください
C:\workspace2\Voice_output_ver2\include\Vouce_output_ver2\Vouce_output_ver2.h(66): warning C4005: 'FILENAME': マクロが再定義されました。
  C:\workspace2\Voice_output_ver2\include\Vouce_output_ver2\Vouce_output_ver2.h(65): note: 'FILENAME' の以前の定義を確認してください
C:\workspace2\Voice_output_ver2\include\Vouce_output_ver2\Vouce_output_ver2.h(67): warning C4005: 'FILENAME': マクロが再定義されました。
  C:\workspace2\Voice_output_ver2\include\Vouce_output_ver2\Vouce_output_ver2.h(66): note: 'FILENAME' の以前の定義を確認してください
C:\workspace2\Voice_output_ver2\include\Vouce_output_ver2\Vouce_output_ver2.h(68): warning C4005: 'FILENAME': マクロが再定義されました。
  C:\workspace2\Voice_output_ver2\include\Vouce_output_ver2\Vouce_output_ver2.h(67): note: 'FILENAME' の以前の定義を確認してください
C:\workspace2\Voice_output_ver2\include\Vouce_output_ver2\Vouce_output_ver2.h(69): warning C4005: 'FILENAME': マクロが再定義されました。
  C:\workspace2\Voice_output_ver2\include\Vouce_output_ver2\Vouce_output_ver2.h(68): note: 'FILENAME' の以前の定義を確認してください
C:\workspace2\Voice_output_ver2\include\Vouce_output_ver2\Vouce_output_ver2.h(70): warning C4005: 'FILENAME': マクロが再定義されました。
  C:\workspace2\Voice_output_ver2\include\Vouce_output_ver2\Vouce_output_ver2.h(69): note: 'FILENAME' の以前の定義を確認してください
C:\workspace2\Voice_output_ver2\include\Vouce_output_ver2\Vouce_output_ver2.h(71): warning C4005: 'FILENAME': マクロが再定義されました。
  C:\workspace2\Voice_output_ver2\include\Vouce_output_ver2\Vouce_output_ver2.h(70): note: 'FILENAME' の以前の定義を確認してください
     ライブラリ C:/workspace2/Voice_output_ver2/build/src/Release/Vouce_output_ver2.lib とオブジェクト C:/workspace2/Voice_output_ver2/build/src/Release/Vouce_output_ver2.exp を作成中
  Vouce_output_ver2.vcxproj -> C:\workspace2\Voice_output_ver2\build\src\Release\Vouce_output_ver2.dll
